<?xml version="1.0" encoding="UTF-8"?>
<coverage generated="1522821407692" clover="3.2.0">
  <project timestamp="1522821407692" name="All files">
    <metrics statements="57" coveredstatements="45" conditionals="12" coveredconditionals="9" methods="34" coveredmethods="23" elements="103" coveredelements="77" complexity="0" loc="57" ncloc="57" packages="7" files="9" classes="9">
      <package name="reactFrontCamp">
        <metrics statements="1" coveredstatements="1" conditionals="0" coveredconditionals="0" methods="0" coveredmethods="0"/>
        <file name="enzym-setup.js" path="D:\Nika\FrontCamp\reactFrontCamp\reactFrontCamp\enzym-setup.js">
          <metrics statements="1" coveredstatements="1" conditionals="0" coveredconditionals="0" methods="0" coveredmethods="0"/>
          <line num="4" count="3" type="stmt"/>
        </file>
      </package>
      <package name="reactFrontCamp.app.__test__">
        <metrics statements="0" coveredstatements="0" conditionals="0" coveredconditionals="0" methods="0" coveredmethods="0"/>
        <file name="mockDataOfPosts.js" path="D:\Nika\FrontCamp\reactFrontCamp\reactFrontCamp\app\__test__\mockDataOfPosts.js">
          <metrics statements="0" coveredstatements="0" conditionals="0" coveredconditionals="0" methods="0" coveredmethods="0"/>
        </file>
      </package>
      <package name="reactFrontCamp.app.client">
        <metrics statements="2" coveredstatements="2" conditionals="0" coveredconditionals="0" methods="1" coveredmethods="1"/>
        <file name="store.js" path="D:\Nika\FrontCamp\reactFrontCamp\reactFrontCamp\app\client\store.js">
          <metrics statements="2" coveredstatements="2" conditionals="0" coveredconditionals="0" methods="1" coveredmethods="1"/>
          <line num="5" count="1" type="stmt"/>
          <line num="8" count="1" type="stmt"/>
        </file>
      </package>
      <package name="reactFrontCamp.app.client.actions">
        <metrics statements="18" coveredstatements="10" conditionals="0" coveredconditionals="0" methods="15" coveredmethods="7"/>
        <file name="actions.js" path="D:\Nika\FrontCamp\reactFrontCamp\reactFrontCamp\app\client\actions\actions.js">
          <metrics statements="18" coveredstatements="10" conditionals="0" coveredconditionals="0" methods="15" coveredmethods="7"/>
          <line num="1" count="3" type="stmt"/>
          <line num="3" count="3" type="stmt"/>
          <line num="4" count="3" type="stmt"/>
          <line num="7" count="2" type="stmt"/>
          <line num="9" count="1" type="stmt"/>
          <line num="10" count="1" type="stmt"/>
          <line num="16" count="0" type="stmt"/>
          <line num="25" count="0" type="stmt"/>
          <line num="30" count="0" type="stmt"/>
          <line num="35" count="0" type="stmt"/>
          <line num="40" count="2" type="stmt"/>
          <line num="41" count="2" type="stmt"/>
          <line num="46" count="0" type="stmt"/>
          <line num="47" count="0" type="stmt"/>
          <line num="52" count="0" type="stmt"/>
          <line num="53" count="0" type="stmt"/>
          <line num="58" count="1" type="stmt"/>
          <line num="65" count="1" type="stmt"/>
        </file>
      </package>
      <package name="reactFrontCamp.app.client.components.Content">
        <metrics statements="20" coveredstatements="18" conditionals="6" coveredconditionals="3" methods="11" coveredmethods="10"/>
        <file name="ContentPost.js" path="D:\Nika\FrontCamp\reactFrontCamp\reactFrontCamp\app\client\components\Content\ContentPost.js">
          <metrics statements="20" coveredstatements="18" conditionals="6" coveredconditionals="3" methods="11" coveredmethods="10"/>
          <line num="30" count="1" type="stmt"/>
          <line num="34" count="1" type="stmt"/>
          <line num="38" count="1" type="stmt"/>
          <line num="42" count="1" type="cond" truecount="1" falsecount="1"/>
          <line num="43" count="1" type="stmt"/>
          <line num="44" count="21" type="cond" truecount="1" falsecount="1"/>
          <line num="45" count="21" type="cond" truecount="1" falsecount="1"/>
          <line num="46" count="21" type="stmt"/>
          <line num="50" count="0" type="stmt"/>
          <line num="51" count="0" type="stmt"/>
          <line num="54" count="1" type="stmt"/>
          <line num="58" count="1" type="stmt"/>
          <line num="59" count="1" type="stmt"/>
          <line num="60" count="1" type="stmt"/>
          <line num="64" count="8" type="stmt"/>
          <line num="72" count="1" type="stmt"/>
          <line num="73" count="1" type="stmt"/>
          <line num="79" count="1" type="stmt"/>
          <line num="80" count="1" type="stmt"/>
          <line num="82" count="1" type="stmt"/>
        </file>
      </package>
      <package name="reactFrontCamp.app.client.components.Post">
        <metrics statements="7" coveredstatements="5" conditionals="0" coveredconditionals="0" methods="5" coveredmethods="3"/>
        <file name="Post.js" path="D:\Nika\FrontCamp\reactFrontCamp\reactFrontCamp\app\client\components\Post\Post.js">
          <metrics statements="7" coveredstatements="5" conditionals="0" coveredconditionals="0" methods="5" coveredmethods="3"/>
          <line num="10" count="8" type="stmt"/>
          <line num="15" count="8" type="stmt"/>
          <line num="16" count="8" type="stmt"/>
          <line num="20" count="0" type="stmt"/>
          <line num="31" count="1" type="stmt"/>
          <line num="32" count="8" type="stmt"/>
          <line num="34" count="0" type="stmt"/>
        </file>
      </package>
      <package name="reactFrontCamp.app.client.reducers">
        <metrics statements="9" coveredstatements="9" conditionals="6" coveredconditionals="6" methods="2" coveredmethods="2"/>
        <file name="index.js" path="D:\Nika\FrontCamp\reactFrontCamp\reactFrontCamp\app\client\reducers\index.js">
          <metrics statements="3" coveredstatements="3" conditionals="0" coveredconditionals="0" methods="0" coveredmethods="0"/>
          <line num="6" count="1" type="stmt"/>
          <line num="7" count="1" type="stmt"/>
          <line num="9" count="1" type="stmt"/>
        </file>
        <file name="postsReducer.js" path="D:\Nika\FrontCamp\reactFrontCamp\reactFrontCamp\app\client\reducers\postsReducer.js">
          <metrics statements="4" coveredstatements="4" conditionals="4" coveredconditionals="4" methods="1" coveredmethods="1"/>
          <line num="10" count="7" type="cond" truecount="3" falsecount="0"/>
          <line num="12" count="2" type="stmt"/>
          <line num="15" count="1" type="stmt"/>
          <line num="17" count="4" type="stmt"/>
        </file>
        <file name="userReducer.js" path="D:\Nika\FrontCamp\reactFrontCamp\reactFrontCamp\app\client\reducers\userReducer.js">
          <metrics statements="2" coveredstatements="2" conditionals="2" coveredconditionals="2" methods="1" coveredmethods="1"/>
          <line num="8" count="4" type="cond" truecount="1" falsecount="0"/>
          <line num="9" count="4" type="stmt"/>
        </file>
      </package>
    </metrics>
  </project>
</coverage>
