{"D:\\Nika\\FrontCamp\\reactFrontCamp\\reactFrontCamp\\app\\client\\actions\\actions.js": {"path":"D:\\Nika\\FrontCamp\\reactFrontCamp\\reactFrontCamp\\app\\client\\actions\\actions.js","statementMap":{"0":{"start":{"line":1,"column":13},"end":{"line":1,"column":36}},"1":{"start":{"line":3,"column":26},"end":{"line":3,"column":38}},"2":{"start":{"line":4,"column":29},"end":{"line":4,"column":44}},"3":{"start":{"line":7,"column":4},"end":{"line":12,"column":5}},"4":{"start":{"line":9,"column":20},"end":{"line":11,"column":9}},"5":{"start":{"line":10,"column":20},"end":{"line":10,"column":48}},"6":{"start":{"line":16,"column":4},"end":{"line":26,"column":5}},"7":{"start":{"line":25,"column":20},"end":{"line":25,"column":40}},"8":{"start":{"line":30,"column":4},"end":{"line":36,"column":5}},"9":{"start":{"line":35,"column":20},"end":{"line":35,"column":40}},"10":{"start":{"line":40,"column":4},"end":{"line":42,"column":5}},"11":{"start":{"line":41,"column":8},"end":{"line":41,"column":53}},"12":{"start":{"line":46,"column":4},"end":{"line":48,"column":5}},"13":{"start":{"line":47,"column":8},"end":{"line":47,"column":60}},"14":{"start":{"line":52,"column":4},"end":{"line":54,"column":5}},"15":{"start":{"line":53,"column":8},"end":{"line":53,"column":67}},"16":{"start":{"line":58,"column":2},"end":{"line":61,"column":3}},"17":{"start":{"line":65,"column":2},"end":{"line":68,"column":3}}},"fnMap":{"0":{"name":"fetchPosts","decl":{"start":{"line":6,"column":9},"end":{"line":6,"column":19}},"loc":{"start":{"line":6,"column":35},"end":{"line":13,"column":1}},"line":6},"1":{"name":"(anonymous_1)","decl":{"start":{"line":9,"column":8},"end":{"line":9,"column":9}},"loc":{"start":{"line":9,"column":20},"end":{"line":11,"column":9}},"line":9},"2":{"name":"(anonymous_2)","decl":{"start":{"line":10,"column":12},"end":{"line":10,"column":13}},"loc":{"start":{"line":10,"column":20},"end":{"line":10,"column":48}},"line":10},"3":{"name":"fetchAddPost","decl":{"start":{"line":15,"column":9},"end":{"line":15,"column":21}},"loc":{"start":{"line":15,"column":43},"end":{"line":27,"column":1}},"line":15},"4":{"name":"(anonymous_4)","decl":{"start":{"line":25,"column":8},"end":{"line":25,"column":9}},"loc":{"start":{"line":25,"column":20},"end":{"line":25,"column":40}},"line":25},"5":{"name":"fetchRemovePost","decl":{"start":{"line":29,"column":9},"end":{"line":29,"column":24}},"loc":{"start":{"line":29,"column":44},"end":{"line":37,"column":1}},"line":29},"6":{"name":"(anonymous_6)","decl":{"start":{"line":35,"column":8},"end":{"line":35,"column":9}},"loc":{"start":{"line":35,"column":20},"end":{"line":35,"column":40}},"line":35},"7":{"name":"getPosts","decl":{"start":{"line":39,"column":16},"end":{"line":39,"column":24}},"loc":{"start":{"line":39,"column":27},"end":{"line":43,"column":1}},"line":39},"8":{"name":"(anonymous_8)","decl":{"start":{"line":40,"column":11},"end":{"line":40,"column":12}},"loc":{"start":{"line":40,"column":35},"end":{"line":42,"column":5}},"line":40},"9":{"name":"addPost","decl":{"start":{"line":45,"column":16},"end":{"line":45,"column":23}},"loc":{"start":{"line":45,"column":29},"end":{"line":49,"column":1}},"line":45},"10":{"name":"(anonymous_10)","decl":{"start":{"line":46,"column":11},"end":{"line":46,"column":12}},"loc":{"start":{"line":46,"column":35},"end":{"line":48,"column":5}},"line":46},"11":{"name":"removePost","decl":{"start":{"line":51,"column":16},"end":{"line":51,"column":26}},"loc":{"start":{"line":51,"column":30},"end":{"line":55,"column":1}},"line":51},"12":{"name":"(anonymous_12)","decl":{"start":{"line":52,"column":11},"end":{"line":52,"column":12}},"loc":{"start":{"line":52,"column":35},"end":{"line":54,"column":5}},"line":52},"13":{"name":"recievePosts","decl":{"start":{"line":57,"column":9},"end":{"line":57,"column":21}},"loc":{"start":{"line":57,"column":29},"end":{"line":62,"column":1}},"line":57},"14":{"name":"sortPost","decl":{"start":{"line":64,"column":16},"end":{"line":64,"column":24}},"loc":{"start":{"line":64,"column":33},"end":{"line":69,"column":1}},"line":64}},"branchMap":{},"s":{"0":4,"1":4,"2":4,"3":2,"4":1,"5":1,"6":0,"7":0,"8":0,"9":0,"10":2,"11":2,"12":0,"13":0,"14":0,"15":0,"16":1,"17":1},"f":{"0":2,"1":1,"2":1,"3":0,"4":0,"5":0,"6":0,"7":2,"8":2,"9":0,"10":0,"11":0,"12":0,"13":1,"14":1},"b":{},"_coverageSchema":"332fd63041d2c1bcb487cc26dd0d5f7d97098a6c","hash":"92347f8ed95325691473585714f3fa5f43c0fef7"}
,"D:\\Nika\\FrontCamp\\reactFrontCamp\\reactFrontCamp\\app\\client\\components\\Content\\Content.js": {"path":"D:\\Nika\\FrontCamp\\reactFrontCamp\\reactFrontCamp\\app\\client\\components\\Content\\Content.js","statementMap":{"0":{"start":{"line":1,"column":13},"end":{"line":1,"column":75}},"1":{"start":{"line":1,"column":88},"end":{"line":1,"column":104}},"2":{"start":{"line":1,"column":119},"end":{"line":1,"column":149}},"3":{"start":{"line":2,"column":22},"end":{"line":2,"column":49}},"4":{"start":{"line":3,"column":16},"end":{"line":3,"column":37}},"5":{"start":{"line":3,"column":55},"end":{"line":3,"column":88}},"6":{"start":{"line":4,"column":19},"end":{"line":4,"column":43}},"7":{"start":{"line":4,"column":64},"end":{"line":4,"column":100}},"8":{"start":{"line":5,"column":22},"end":{"line":5,"column":49}},"9":{"start":{"line":5,"column":73},"end":{"line":5,"column":112}},"10":{"start":{"line":5,"column":151},"end":{"line":5,"column":205}},"11":{"start":{"line":7,"column":14},"end":{"line":11,"column":117}},"12":{"start":{"line":7,"column":34},"end":{"line":11,"column":116}},"13":{"start":{"line":11,"column":118},"end":{"line":15,"column":8}}},"fnMap":{"0":{"name":"_interopRequireDefault","decl":{"start":{"line":5,"column":122},"end":{"line":5,"column":144}},"loc":{"start":{"line":5,"column":150},"end":{"line":5,"column":206}},"line":5},"1":{"name":"Content","decl":{"start":{"line":7,"column":23},"end":{"line":7,"column":30}},"loc":{"start":{"line":7,"column":33},"end":{"line":11,"column":117}},"line":7}},"branchMap":{"0":{"loc":{"start":{"line":5,"column":158},"end":{"line":5,"column":204}},"type":"cond-expr","locations":[{"start":{"line":5,"column":182},"end":{"line":5,"column":185}},{"start":{"line":5,"column":188},"end":{"line":5,"column":204}}],"line":5},"1":{"loc":{"start":{"line":5,"column":158},"end":{"line":5,"column":179}},"type":"binary-expr","locations":[{"start":{"line":5,"column":158},"end":{"line":5,"column":161}},{"start":{"line":5,"column":165},"end":{"line":5,"column":179}}],"line":5}},"s":{"0":0,"1":0,"2":0,"3":0,"4":0,"5":0,"6":0,"7":0,"8":0,"9":0,"10":0,"11":0,"12":0,"13":0},"f":{"0":0,"1":0},"b":{"0":[0,0],"1":[0,0]}}
,"D:\\Nika\\FrontCamp\\reactFrontCamp\\reactFrontCamp\\app\\client\\components\\Content\\ContentAddPost.js": {"path":"D:\\Nika\\FrontCamp\\reactFrontCamp\\reactFrontCamp\\app\\client\\components\\Content\\ContentAddPost.js","statementMap":{"0":{"start":{"line":1,"column":13},"end":{"line":1,"column":75}},"1":{"start":{"line":1,"column":94},"end":{"line":1,"column":623}},"2":{"start":{"line":1,"column":149},"end":{"line":1,"column":414}},"3":{"start":{"line":1,"column":206},"end":{"line":1,"column":214}},"4":{"start":{"line":1,"column":215},"end":{"line":1,"column":270}},"5":{"start":{"line":1,"column":270},"end":{"line":1,"column":301}},"6":{"start":{"line":1,"column":301},"end":{"line":1,"column":355}},"7":{"start":{"line":1,"column":328},"end":{"line":1,"column":355}},"8":{"start":{"line":1,"column":355},"end":{"line":1,"column":413}},"9":{"start":{"line":1,"column":415},"end":{"line":1,"column":620}},"10":{"start":{"line":1,"column":471},"end":{"line":1,"column":539}},"11":{"start":{"line":1,"column":487},"end":{"line":1,"column":539}},"12":{"start":{"line":1,"column":539},"end":{"line":1,"column":599}},"13":{"start":{"line":1,"column":556},"end":{"line":1,"column":599}},"14":{"start":{"line":1,"column":599},"end":{"line":1,"column":618}},"15":{"start":{"line":1,"column":637},"end":{"line":1,"column":653}},"16":{"start":{"line":1,"column":668},"end":{"line":1,"column":698}},"17":{"start":{"line":2,"column":12},"end":{"line":2,"column":35}},"18":{"start":{"line":2,"column":49},"end":{"line":2,"column":78}},"19":{"start":{"line":3,"column":22},"end":{"line":3,"column":49}},"20":{"start":{"line":4,"column":18},"end":{"line":4,"column":40}},"21":{"start":{"line":5,"column":15},"end":{"line":5,"column":47}},"22":{"start":{"line":6,"column":15},"end":{"line":6,"column":39}},"23":{"start":{"line":6,"column":56},"end":{"line":6,"column":88}},"24":{"start":{"line":6,"column":127},"end":{"line":6,"column":181}},"25":{"start":{"line":6,"column":225},"end":{"line":6,"column":372}},"26":{"start":{"line":6,"column":242},"end":{"line":6,"column":346}},"27":{"start":{"line":6,"column":354},"end":{"line":6,"column":371}},"28":{"start":{"line":6,"column":372},"end":{"line":6,"column":383}},"29":{"start":{"line":6,"column":433},"end":{"line":6,"column":532}},"30":{"start":{"line":6,"column":474},"end":{"line":6,"column":531}},"31":{"start":{"line":6,"column":582},"end":{"line":6,"column":681}},"32":{"start":{"line":6,"column":594},"end":{"line":6,"column":680}},"33":{"start":{"line":6,"column":681},"end":{"line":6,"column":767}},"34":{"start":{"line":6,"column":810},"end":{"line":6,"column":973}},"35":{"start":{"line":6,"column":872},"end":{"line":6,"column":972}},"36":{"start":{"line":6,"column":973},"end":{"line":6,"column":1137}},"37":{"start":{"line":6,"column":1137},"end":{"line":6,"column":1255}},"38":{"start":{"line":6,"column":1153},"end":{"line":6,"column":1255}},"39":{"start":{"line":9,"column":17},"end":{"line":67,"column":64}},"40":{"start":{"line":9,"column":46},"end":{"line":9,"column":90}},"41":{"start":{"line":11,"column":36},"end":{"line":11,"column":74}},"42":{"start":{"line":11,"column":86},"end":{"line":12,"column":15}},"43":{"start":{"line":14,"column":8},"end":{"line":18,"column":32}},"44":{"start":{"line":21,"column":8},"end":{"line":21,"column":52}},"45":{"start":{"line":22,"column":8},"end":{"line":22,"column":52}},"46":{"start":{"line":22,"column":52},"end":{"line":22,"column":65}},"47":{"start":{"line":23,"column":5},"end":{"line":67,"column":14}},"48":{"start":{"line":26,"column":12},"end":{"line":26,"column":36}},"49":{"start":{"line":27,"column":12},"end":{"line":27,"column":51}},"50":{"start":{"line":31,"column":12},"end":{"line":31,"column":31}},"51":{"start":{"line":32,"column":12},"end":{"line":32,"column":36}},"52":{"start":{"line":33,"column":12},"end":{"line":33,"column":48}},"53":{"start":{"line":34,"column":12},"end":{"line":34,"column":41}},"54":{"start":{"line":38,"column":25},"end":{"line":38,"column":33}},"55":{"start":{"line":39,"column":24},"end":{"line":39,"column":36}},"56":{"start":{"line":40,"column":23},"end":{"line":40,"column":34}},"57":{"start":{"line":41,"column":12},"end":{"line":42,"column":26}},"58":{"start":{"line":47,"column":12},"end":{"line":63,"column":103}},"59":{"start":{"line":67,"column":14},"end":{"line":67,"column":36}},"60":{"start":{"line":70,"column":25},"end":{"line":76,"column":1}},"61":{"start":{"line":71,"column":4},"end":{"line":74,"column":12}},"62":{"start":{"line":73,"column":12},"end":{"line":73,"column":50}},"63":{"start":{"line":76,"column":2},"end":{"line":78,"column":100}}},"fnMap":{"0":{"name":"(anonymous_0)","decl":{"start":{"line":1,"column":94},"end":{"line":1,"column":95}},"loc":{"start":{"line":1,"column":106},"end":{"line":1,"column":621}},"line":1},"1":{"name":"defineProperties","decl":{"start":{"line":1,"column":116},"end":{"line":1,"column":132}},"loc":{"start":{"line":1,"column":148},"end":{"line":1,"column":415}},"line":1},"2":{"name":"(anonymous_2)","decl":{"start":{"line":1,"column":422},"end":{"line":1,"column":423}},"loc":{"start":{"line":1,"column":470},"end":{"line":1,"column":619}},"line":1},"3":{"name":"_interopRequireDefault","decl":{"start":{"line":6,"column":98},"end":{"line":6,"column":120}},"loc":{"start":{"line":6,"column":126},"end":{"line":6,"column":182}},"line":6},"4":{"name":"_defineProperty","decl":{"start":{"line":6,"column":191},"end":{"line":6,"column":206}},"loc":{"start":{"line":6,"column":224},"end":{"line":6,"column":384}},"line":6},"5":{"name":"_classCallCheck","decl":{"start":{"line":6,"column":393},"end":{"line":6,"column":408}},"loc":{"start":{"line":6,"column":432},"end":{"line":6,"column":533}},"line":6},"6":{"name":"_possibleConstructorReturn","decl":{"start":{"line":6,"column":542},"end":{"line":6,"column":568}},"loc":{"start":{"line":6,"column":581},"end":{"line":6,"column":768}},"line":6},"7":{"name":"_inherits","decl":{"start":{"line":6,"column":777},"end":{"line":6,"column":786}},"loc":{"start":{"line":6,"column":809},"end":{"line":6,"column":1256}},"line":6},"8":{"name":"(anonymous_8)","decl":{"start":{"line":9,"column":17},"end":{"line":9,"column":18}},"loc":{"start":{"line":9,"column":45},"end":{"line":67,"column":37}},"line":9},"9":{"name":"ContentAddPost","decl":{"start":{"line":11,"column":13},"end":{"line":11,"column":27}},"loc":{"start":{"line":11,"column":35},"end":{"line":23,"column":5}},"line":11},"10":{"name":"adjust_textarea","decl":{"start":{"line":23,"column":77},"end":{"line":23,"column":92}},"loc":{"start":{"line":25,"column":11},"end":{"line":28,"column":9}},"line":25},"11":{"name":"onSubmit","decl":{"start":{"line":28,"column":48},"end":{"line":28,"column":56}},"loc":{"start":{"line":30,"column":11},"end":{"line":35,"column":9}},"line":30},"12":{"name":"onChange","decl":{"start":{"line":35,"column":48},"end":{"line":35,"column":56}},"loc":{"start":{"line":37,"column":11},"end":{"line":44,"column":9}},"line":37},"13":{"name":"render","decl":{"start":{"line":44,"column":46},"end":{"line":44,"column":52}},"loc":{"start":{"line":46,"column":8},"end":{"line":67,"column":9}},"line":46},"14":{"name":"mapDispatchToProps","decl":{"start":{"line":70,"column":34},"end":{"line":70,"column":52}},"loc":{"start":{"line":70,"column":63},"end":{"line":76,"column":1}},"line":70},"15":{"name":"fetchAddPost","decl":{"start":{"line":72,"column":31},"end":{"line":72,"column":43}},"loc":{"start":{"line":72,"column":50},"end":{"line":74,"column":9}},"line":72}},"branchMap":{"0":{"loc":{"start":{"line":1,"column":239},"end":{"line":1,"column":269}},"type":"binary-expr","locations":[{"start":{"line":1,"column":239},"end":{"line":1,"column":260}},{"start":{"line":1,"column":264},"end":{"line":1,"column":269}}],"line":1},"1":{"loc":{"start":{"line":1,"column":301},"end":{"line":1,"column":355}},"type":"if","locations":[{"start":{"line":1,"column":301},"end":{"line":1,"column":355}},{"start":{"line":1,"column":301},"end":{"line":1,"column":355}}],"line":1},"2":{"loc":{"start":{"line":1,"column":471},"end":{"line":1,"column":539}},"type":"if","locations":[{"start":{"line":1,"column":471},"end":{"line":1,"column":539}},{"start":{"line":1,"column":471},"end":{"line":1,"column":539}}],"line":1},"3":{"loc":{"start":{"line":1,"column":539},"end":{"line":1,"column":599}},"type":"if","locations":[{"start":{"line":1,"column":539},"end":{"line":1,"column":599}},{"start":{"line":1,"column":539},"end":{"line":1,"column":599}}],"line":1},"4":{"loc":{"start":{"line":6,"column":134},"end":{"line":6,"column":180}},"type":"cond-expr","locations":[{"start":{"line":6,"column":158},"end":{"line":6,"column":161}},{"start":{"line":6,"column":164},"end":{"line":6,"column":180}}],"line":6},"5":{"loc":{"start":{"line":6,"column":134},"end":{"line":6,"column":155}},"type":"binary-expr","locations":[{"start":{"line":6,"column":134},"end":{"line":6,"column":137}},{"start":{"line":6,"column":141},"end":{"line":6,"column":155}}],"line":6},"6":{"loc":{"start":{"line":6,"column":225},"end":{"line":6,"column":372}},"type":"if","locations":[{"start":{"line":6,"column":225},"end":{"line":6,"column":372}},{"start":{"line":6,"column":225},"end":{"line":6,"column":372}}],"line":6},"7":{"loc":{"start":{"line":6,"column":433},"end":{"line":6,"column":532}},"type":"if","locations":[{"start":{"line":6,"column":433},"end":{"line":6,"column":532}},{"start":{"line":6,"column":433},"end":{"line":6,"column":532}}],"line":6},"8":{"loc":{"start":{"line":6,"column":582},"end":{"line":6,"column":681}},"type":"if","locations":[{"start":{"line":6,"column":582},"end":{"line":6,"column":681}},{"start":{"line":6,"column":582},"end":{"line":6,"column":681}}],"line":6},"9":{"loc":{"start":{"line":6,"column":688},"end":{"line":6,"column":766}},"type":"cond-expr","locations":[{"start":{"line":6,"column":755},"end":{"line":6,"column":759}},{"start":{"line":6,"column":762},"end":{"line":6,"column":766}}],"line":6},"10":{"loc":{"start":{"line":6,"column":688},"end":{"line":6,"column":752}},"type":"binary-expr","locations":[{"start":{"line":6,"column":688},"end":{"line":6,"column":692}},{"start":{"line":6,"column":697},"end":{"line":6,"column":721}},{"start":{"line":6,"column":725},"end":{"line":6,"column":751}}],"line":6},"11":{"loc":{"start":{"line":6,"column":810},"end":{"line":6,"column":973}},"type":"if","locations":[{"start":{"line":6,"column":810},"end":{"line":6,"column":973}},{"start":{"line":6,"column":810},"end":{"line":6,"column":973}}],"line":6},"12":{"loc":{"start":{"line":6,"column":814},"end":{"line":6,"column":869}},"type":"binary-expr","locations":[{"start":{"line":6,"column":814},"end":{"line":6,"column":846}},{"start":{"line":6,"column":850},"end":{"line":6,"column":869}}],"line":6},"13":{"loc":{"start":{"line":6,"column":1008},"end":{"line":6,"column":1042}},"type":"binary-expr","locations":[{"start":{"line":6,"column":1008},"end":{"line":6,"column":1018}},{"start":{"line":6,"column":1022},"end":{"line":6,"column":1042}}],"line":6},"14":{"loc":{"start":{"line":6,"column":1137},"end":{"line":6,"column":1255}},"type":"if","locations":[{"start":{"line":6,"column":1137},"end":{"line":6,"column":1255}},{"start":{"line":6,"column":1137},"end":{"line":6,"column":1255}}],"line":6},"15":{"loc":{"start":{"line":6,"column":1153},"end":{"line":6,"column":1254}},"type":"cond-expr","locations":[{"start":{"line":6,"column":1177},"end":{"line":6,"column":1220}},{"start":{"line":6,"column":1223},"end":{"line":6,"column":1254}}],"line":6},"16":{"loc":{"start":{"line":11,"column":120},"end":{"line":11,"column":185}},"type":"binary-expr","locations":[{"start":{"line":11,"column":120},"end":{"line":11,"column":144}},{"start":{"line":11,"column":148},"end":{"line":11,"column":185}}],"line":11}},"s":{"0":0,"1":0,"2":0,"3":0,"4":0,"5":0,"6":0,"7":0,"8":0,"9":0,"10":0,"11":0,"12":0,"13":0,"14":0,"15":0,"16":0,"17":0,"18":0,"19":0,"20":0,"21":0,"22":0,"23":0,"24":0,"25":0,"26":0,"27":0,"28":0,"29":0,"30":0,"31":0,"32":0,"33":0,"34":0,"35":0,"36":0,"37":0,"38":0,"39":0,"40":0,"41":0,"42":0,"43":0,"44":0,"45":0,"46":0,"47":0,"48":0,"49":0,"50":0,"51":0,"52":0,"53":0,"54":0,"55":0,"56":0,"57":0,"58":0,"59":0,"60":0,"61":0,"62":0,"63":0},"f":{"0":0,"1":0,"2":0,"3":0,"4":0,"5":0,"6":0,"7":0,"8":0,"9":0,"10":0,"11":0,"12":0,"13":0,"14":0,"15":0},"b":{"0":[0,0],"1":[0,0],"2":[0,0],"3":[0,0],"4":[0,0],"5":[0,0],"6":[0,0],"7":[0,0],"8":[0,0],"9":[0,0],"10":[0,0,0],"11":[0,0],"12":[0,0],"13":[0,0],"14":[0,0],"15":[0,0],"16":[0,0]}}
,"D:\\Nika\\FrontCamp\\reactFrontCamp\\reactFrontCamp\\app\\client\\components\\Content\\ContentPost.js": {"path":"D:\\Nika\\FrontCamp\\reactFrontCamp\\reactFrontCamp\\app\\client\\components\\Content\\ContentPost.js","statementMap":{"0":{"start":{"line":12,"column":8},"end":{"line":12,"column":21}},"1":{"start":{"line":16,"column":8},"end":{"line":16,"column":28}},"2":{"start":{"line":20,"column":8},"end":{"line":20,"column":32}},"3":{"start":{"line":24,"column":8},"end":{"line":35,"column":9}},"4":{"start":{"line":25,"column":12},"end":{"line":30,"column":15}},"5":{"start":{"line":26,"column":30},"end":{"line":26,"column":50}},"6":{"start":{"line":27,"column":30},"end":{"line":27,"column":50}},"7":{"start":{"line":28,"column":16},"end":{"line":29,"column":46}},"8":{"start":{"line":32,"column":12},"end":{"line":34,"column":15}},"9":{"start":{"line":33,"column":16},"end":{"line":33,"column":56}},"10":{"start":{"line":36,"column":8},"end":{"line":36,"column":21}},"11":{"start":{"line":40,"column":8},"end":{"line":40,"column":38}},"12":{"start":{"line":41,"column":20},"end":{"line":41,"column":73}},"13":{"start":{"line":42,"column":8},"end":{"line":50,"column":10}},"14":{"start":{"line":46,"column":24},"end":{"line":46,"column":52}},"15":{"start":{"line":54,"column":24},"end":{"line":59,"column":1}},"16":{"start":{"line":55,"column":4},"end":{"line":58,"column":6}},"17":{"start":{"line":61,"column":27},"end":{"line":67,"column":1}},"18":{"start":{"line":62,"column":4},"end":{"line":66,"column":4}},"19":{"start":{"line":64,"column":10},"end":{"line":64,"column":30}}},"fnMap":{"0":{"name":"(anonymous_0)","decl":{"start":{"line":11,"column":4},"end":{"line":11,"column":5}},"loc":{"start":{"line":11,"column":22},"end":{"line":13,"column":5}},"line":11},"1":{"name":"(anonymous_1)","decl":{"start":{"line":15,"column":4},"end":{"line":15,"column":5}},"loc":{"start":{"line":15,"column":23},"end":{"line":17,"column":5}},"line":15},"2":{"name":"(anonymous_2)","decl":{"start":{"line":19,"column":4},"end":{"line":19,"column":5}},"loc":{"start":{"line":19,"column":18},"end":{"line":21,"column":5}},"line":19},"3":{"name":"(anonymous_3)","decl":{"start":{"line":23,"column":4},"end":{"line":23,"column":5}},"loc":{"start":{"line":23,"column":31},"end":{"line":37,"column":5}},"line":23},"4":{"name":"(anonymous_4)","decl":{"start":{"line":25,"column":23},"end":{"line":25,"column":24}},"loc":{"start":{"line":25,"column":39},"end":{"line":30,"column":13}},"line":25},"5":{"name":"(anonymous_5)","decl":{"start":{"line":32,"column":23},"end":{"line":32,"column":24}},"loc":{"start":{"line":32,"column":39},"end":{"line":34,"column":13}},"line":32},"6":{"name":"(anonymous_6)","decl":{"start":{"line":39,"column":4},"end":{"line":39,"column":5}},"loc":{"start":{"line":39,"column":12},"end":{"line":51,"column":5}},"line":39},"7":{"name":"(anonymous_7)","decl":{"start":{"line":45,"column":30},"end":{"line":45,"column":31}},"loc":{"start":{"line":46,"column":24},"end":{"line":46,"column":52}},"line":46},"8":{"name":"(anonymous_8)","decl":{"start":{"line":54,"column":24},"end":{"line":54,"column":25}},"loc":{"start":{"line":54,"column":40},"end":{"line":59,"column":1}},"line":54},"9":{"name":"(anonymous_9)","decl":{"start":{"line":61,"column":27},"end":{"line":61,"column":28}},"loc":{"start":{"line":61,"column":41},"end":{"line":67,"column":1}},"line":61},"10":{"name":"(anonymous_10)","decl":{"start":{"line":63,"column":18},"end":{"line":63,"column":19}},"loc":{"start":{"line":63,"column":24},"end":{"line":65,"column":7}},"line":63}},"branchMap":{"0":{"loc":{"start":{"line":24,"column":8},"end":{"line":35,"column":9}},"type":"if","locations":[{"start":{"line":24,"column":8},"end":{"line":35,"column":9}},{"start":{"line":24,"column":8},"end":{"line":35,"column":9}}],"line":24},"1":{"loc":{"start":{"line":26,"column":30},"end":{"line":26,"column":50}},"type":"binary-expr","locations":[{"start":{"line":26,"column":30},"end":{"line":26,"column":43}},{"start":{"line":26,"column":47},"end":{"line":26,"column":50}}],"line":26},"2":{"loc":{"start":{"line":27,"column":30},"end":{"line":27,"column":50}},"type":"binary-expr","locations":[{"start":{"line":27,"column":30},"end":{"line":27,"column":43}},{"start":{"line":27,"column":47},"end":{"line":27,"column":50}}],"line":27}},"s":{"0":1,"1":1,"2":1,"3":1,"4":1,"5":21,"6":21,"7":21,"8":0,"9":0,"10":1,"11":1,"12":1,"13":1,"14":8,"15":1,"16":1,"17":1,"18":1,"19":1},"f":{"0":1,"1":1,"2":1,"3":1,"4":21,"5":0,"6":1,"7":8,"8":1,"9":1,"10":1},"b":{"0":[1,0],"1":[21,0],"2":[21,0]},"_coverageSchema":"332fd63041d2c1bcb487cc26dd0d5f7d97098a6c","hash":"fb8fd1aff00b6b71ea2392dc31c5be8d7dffdc08"}
,"D:\\Nika\\FrontCamp\\reactFrontCamp\\reactFrontCamp\\app\\client\\components\\Content\\NotFound.js": {"path":"D:\\Nika\\FrontCamp\\reactFrontCamp\\reactFrontCamp\\app\\client\\components\\Content\\NotFound.js","statementMap":{"0":{"start":{"line":1,"column":13},"end":{"line":1,"column":75}},"1":{"start":{"line":1,"column":94},"end":{"line":1,"column":623}},"2":{"start":{"line":1,"column":149},"end":{"line":1,"column":414}},"3":{"start":{"line":1,"column":206},"end":{"line":1,"column":214}},"4":{"start":{"line":1,"column":215},"end":{"line":1,"column":270}},"5":{"start":{"line":1,"column":270},"end":{"line":1,"column":301}},"6":{"start":{"line":1,"column":301},"end":{"line":1,"column":355}},"7":{"start":{"line":1,"column":328},"end":{"line":1,"column":355}},"8":{"start":{"line":1,"column":355},"end":{"line":1,"column":413}},"9":{"start":{"line":1,"column":415},"end":{"line":1,"column":620}},"10":{"start":{"line":1,"column":471},"end":{"line":1,"column":539}},"11":{"start":{"line":1,"column":487},"end":{"line":1,"column":539}},"12":{"start":{"line":1,"column":539},"end":{"line":1,"column":599}},"13":{"start":{"line":1,"column":556},"end":{"line":1,"column":599}},"14":{"start":{"line":1,"column":599},"end":{"line":1,"column":618}},"15":{"start":{"line":1,"column":637},"end":{"line":1,"column":653}},"16":{"start":{"line":1,"column":668},"end":{"line":1,"column":698}},"17":{"start":{"line":2,"column":0},"end":{"line":2,"column":25}},"18":{"start":{"line":2,"column":63},"end":{"line":2,"column":117}},"19":{"start":{"line":2,"column":167},"end":{"line":2,"column":266}},"20":{"start":{"line":2,"column":208},"end":{"line":2,"column":265}},"21":{"start":{"line":2,"column":316},"end":{"line":2,"column":415}},"22":{"start":{"line":2,"column":328},"end":{"line":2,"column":414}},"23":{"start":{"line":2,"column":415},"end":{"line":2,"column":501}},"24":{"start":{"line":2,"column":544},"end":{"line":2,"column":707}},"25":{"start":{"line":2,"column":606},"end":{"line":2,"column":706}},"26":{"start":{"line":2,"column":707},"end":{"line":2,"column":871}},"27":{"start":{"line":2,"column":871},"end":{"line":2,"column":989}},"28":{"start":{"line":2,"column":887},"end":{"line":2,"column":989}},"29":{"start":{"line":4,"column":11},"end":{"line":13,"column":58}},"30":{"start":{"line":4,"column":40},"end":{"line":4,"column":78}},"31":{"start":{"line":4,"column":99},"end":{"line":4,"column":131}},"32":{"start":{"line":4,"column":131},"end":{"line":4,"column":251}},"33":{"start":{"line":4,"column":252},"end":{"line":13,"column":14}},"34":{"start":{"line":6,"column":12},"end":{"line":8,"column":107}},"35":{"start":{"line":13,"column":14},"end":{"line":13,"column":30}},"36":{"start":{"line":13,"column":59},"end":{"line":16,"column":9}}},"fnMap":{"0":{"name":"(anonymous_0)","decl":{"start":{"line":1,"column":94},"end":{"line":1,"column":95}},"loc":{"start":{"line":1,"column":106},"end":{"line":1,"column":621}},"line":1},"1":{"name":"defineProperties","decl":{"start":{"line":1,"column":116},"end":{"line":1,"column":132}},"loc":{"start":{"line":1,"column":148},"end":{"line":1,"column":415}},"line":1},"2":{"name":"(anonymous_2)","decl":{"start":{"line":1,"column":422},"end":{"line":1,"column":423}},"loc":{"start":{"line":1,"column":470},"end":{"line":1,"column":619}},"line":1},"3":{"name":"_interopRequireDefault","decl":{"start":{"line":2,"column":34},"end":{"line":2,"column":56}},"loc":{"start":{"line":2,"column":62},"end":{"line":2,"column":118}},"line":2},"4":{"name":"_classCallCheck","decl":{"start":{"line":2,"column":127},"end":{"line":2,"column":142}},"loc":{"start":{"line":2,"column":166},"end":{"line":2,"column":267}},"line":2},"5":{"name":"_possibleConstructorReturn","decl":{"start":{"line":2,"column":276},"end":{"line":2,"column":302}},"loc":{"start":{"line":2,"column":315},"end":{"line":2,"column":502}},"line":2},"6":{"name":"_inherits","decl":{"start":{"line":2,"column":511},"end":{"line":2,"column":520}},"loc":{"start":{"line":2,"column":543},"end":{"line":2,"column":990}},"line":2},"7":{"name":"(anonymous_7)","decl":{"start":{"line":4,"column":11},"end":{"line":4,"column":12}},"loc":{"start":{"line":4,"column":39},"end":{"line":13,"column":31}},"line":4},"8":{"name":"NotFound","decl":{"start":{"line":4,"column":87},"end":{"line":4,"column":95}},"loc":{"start":{"line":4,"column":98},"end":{"line":4,"column":252}},"line":4},"9":{"name":"render","decl":{"start":{"line":4,"column":309},"end":{"line":4,"column":315}},"loc":{"start":{"line":5,"column":8},"end":{"line":13,"column":9}},"line":5}},"branchMap":{"0":{"loc":{"start":{"line":1,"column":239},"end":{"line":1,"column":269}},"type":"binary-expr","locations":[{"start":{"line":1,"column":239},"end":{"line":1,"column":260}},{"start":{"line":1,"column":264},"end":{"line":1,"column":269}}],"line":1},"1":{"loc":{"start":{"line":1,"column":301},"end":{"line":1,"column":355}},"type":"if","locations":[{"start":{"line":1,"column":301},"end":{"line":1,"column":355}},{"start":{"line":1,"column":301},"end":{"line":1,"column":355}}],"line":1},"2":{"loc":{"start":{"line":1,"column":471},"end":{"line":1,"column":539}},"type":"if","locations":[{"start":{"line":1,"column":471},"end":{"line":1,"column":539}},{"start":{"line":1,"column":471},"end":{"line":1,"column":539}}],"line":1},"3":{"loc":{"start":{"line":1,"column":539},"end":{"line":1,"column":599}},"type":"if","locations":[{"start":{"line":1,"column":539},"end":{"line":1,"column":599}},{"start":{"line":1,"column":539},"end":{"line":1,"column":599}}],"line":1},"4":{"loc":{"start":{"line":2,"column":70},"end":{"line":2,"column":116}},"type":"cond-expr","locations":[{"start":{"line":2,"column":94},"end":{"line":2,"column":97}},{"start":{"line":2,"column":100},"end":{"line":2,"column":116}}],"line":2},"5":{"loc":{"start":{"line":2,"column":70},"end":{"line":2,"column":91}},"type":"binary-expr","locations":[{"start":{"line":2,"column":70},"end":{"line":2,"column":73}},{"start":{"line":2,"column":77},"end":{"line":2,"column":91}}],"line":2},"6":{"loc":{"start":{"line":2,"column":167},"end":{"line":2,"column":266}},"type":"if","locations":[{"start":{"line":2,"column":167},"end":{"line":2,"column":266}},{"start":{"line":2,"column":167},"end":{"line":2,"column":266}}],"line":2},"7":{"loc":{"start":{"line":2,"column":316},"end":{"line":2,"column":415}},"type":"if","locations":[{"start":{"line":2,"column":316},"end":{"line":2,"column":415}},{"start":{"line":2,"column":316},"end":{"line":2,"column":415}}],"line":2},"8":{"loc":{"start":{"line":2,"column":422},"end":{"line":2,"column":500}},"type":"cond-expr","locations":[{"start":{"line":2,"column":489},"end":{"line":2,"column":493}},{"start":{"line":2,"column":496},"end":{"line":2,"column":500}}],"line":2},"9":{"loc":{"start":{"line":2,"column":422},"end":{"line":2,"column":486}},"type":"binary-expr","locations":[{"start":{"line":2,"column":422},"end":{"line":2,"column":426}},{"start":{"line":2,"column":431},"end":{"line":2,"column":455}},{"start":{"line":2,"column":459},"end":{"line":2,"column":485}}],"line":2},"10":{"loc":{"start":{"line":2,"column":544},"end":{"line":2,"column":707}},"type":"if","locations":[{"start":{"line":2,"column":544},"end":{"line":2,"column":707}},{"start":{"line":2,"column":544},"end":{"line":2,"column":707}}],"line":2},"11":{"loc":{"start":{"line":2,"column":548},"end":{"line":2,"column":603}},"type":"binary-expr","locations":[{"start":{"line":2,"column":548},"end":{"line":2,"column":580}},{"start":{"line":2,"column":584},"end":{"line":2,"column":603}}],"line":2},"12":{"loc":{"start":{"line":2,"column":742},"end":{"line":2,"column":776}},"type":"binary-expr","locations":[{"start":{"line":2,"column":742},"end":{"line":2,"column":752}},{"start":{"line":2,"column":756},"end":{"line":2,"column":776}}],"line":2},"13":{"loc":{"start":{"line":2,"column":871},"end":{"line":2,"column":989}},"type":"if","locations":[{"start":{"line":2,"column":871},"end":{"line":2,"column":989}},{"start":{"line":2,"column":871},"end":{"line":2,"column":989}}],"line":2},"14":{"loc":{"start":{"line":2,"column":887},"end":{"line":2,"column":988}},"type":"cond-expr","locations":[{"start":{"line":2,"column":911},"end":{"line":2,"column":954}},{"start":{"line":2,"column":957},"end":{"line":2,"column":988}}],"line":2},"15":{"loc":{"start":{"line":4,"column":172},"end":{"line":4,"column":225}},"type":"binary-expr","locations":[{"start":{"line":4,"column":172},"end":{"line":4,"column":190}},{"start":{"line":4,"column":194},"end":{"line":4,"column":225}}],"line":4}},"s":{"0":0,"1":0,"2":0,"3":0,"4":0,"5":0,"6":0,"7":0,"8":0,"9":0,"10":0,"11":0,"12":0,"13":0,"14":0,"15":0,"16":0,"17":0,"18":0,"19":0,"20":0,"21":0,"22":0,"23":0,"24":0,"25":0,"26":0,"27":0,"28":0,"29":0,"30":0,"31":0,"32":0,"33":0,"34":0,"35":0,"36":0},"f":{"0":0,"1":0,"2":0,"3":0,"4":0,"5":0,"6":0,"7":0,"8":0,"9":0},"b":{"0":[0,0],"1":[0,0],"2":[0,0],"3":[0,0],"4":[0,0],"5":[0,0],"6":[0,0],"7":[0,0],"8":[0,0],"9":[0,0,0],"10":[0,0],"11":[0,0],"12":[0,0],"13":[0,0],"14":[0,0],"15":[0,0]}}
,"D:\\Nika\\FrontCamp\\reactFrontCamp\\reactFrontCamp\\app\\client\\components\\Post\\Post.js": {"path":"D:\\Nika\\FrontCamp\\reactFrontCamp\\reactFrontCamp\\app\\client\\components\\Post\\Post.js","statementMap":{"0":{"start":{"line":10,"column":8},"end":{"line":10,"column":21}},"1":{"start":{"line":15,"column":21},"end":{"line":15,"column":36}},"2":{"start":{"line":16,"column":8},"end":{"line":27,"column":10}},"3":{"start":{"line":20,"column":32},"end":{"line":20,"column":68}},"4":{"start":{"line":31,"column":27},"end":{"line":37,"column":1}},"5":{"start":{"line":32,"column":4},"end":{"line":36,"column":4}},"6":{"start":{"line":34,"column":10},"end":{"line":34,"column":34}}},"fnMap":{"0":{"name":"(anonymous_0)","decl":{"start":{"line":9,"column":4},"end":{"line":9,"column":5}},"loc":{"start":{"line":9,"column":22},"end":{"line":12,"column":5}},"line":9},"1":{"name":"(anonymous_1)","decl":{"start":{"line":14,"column":4},"end":{"line":14,"column":5}},"loc":{"start":{"line":14,"column":12},"end":{"line":28,"column":5}},"line":14},"2":{"name":"(anonymous_2)","decl":{"start":{"line":20,"column":25},"end":{"line":20,"column":26}},"loc":{"start":{"line":20,"column":31},"end":{"line":20,"column":69}},"line":20},"3":{"name":"(anonymous_3)","decl":{"start":{"line":31,"column":27},"end":{"line":31,"column":28}},"loc":{"start":{"line":31,"column":41},"end":{"line":37,"column":1}},"line":31},"4":{"name":"(anonymous_4)","decl":{"start":{"line":33,"column":24},"end":{"line":33,"column":25}},"loc":{"start":{"line":33,"column":32},"end":{"line":35,"column":7}},"line":33}},"branchMap":{},"s":{"0":10,"1":10,"2":10,"3":0,"4":2,"5":10,"6":0},"f":{"0":10,"1":10,"2":0,"3":10,"4":0},"b":{},"_coverageSchema":"332fd63041d2c1bcb487cc26dd0d5f7d97098a6c","hash":"3de95a72ad65e207193a6a34c9da94e8e003202e"}
,"D:\\Nika\\FrontCamp\\reactFrontCamp\\reactFrontCamp\\app\\client\\reducers\\index.js": {"path":"D:\\Nika\\FrontCamp\\reactFrontCamp\\reactFrontCamp\\app\\client\\reducers\\index.js","statementMap":{"0":{"start":{"line":6,"column":0},"end":{"line":6,"column":25}},"1":{"start":{"line":7,"column":0},"end":{"line":7,"column":26}},"2":{"start":{"line":9,"column":27},"end":{"line":12,"column":2}}},"fnMap":{},"branchMap":{},"s":{"0":2,"1":2,"2":2},"f":{},"b":{},"_coverageSchema":"332fd63041d2c1bcb487cc26dd0d5f7d97098a6c","hash":"19cd6b785ff143cb0b1cefd4c34b6cb5355c2d10"}
,"D:\\Nika\\FrontCamp\\reactFrontCamp\\reactFrontCamp\\app\\client\\reducers\\postsReducer.js": {"path":"D:\\Nika\\FrontCamp\\reactFrontCamp\\reactFrontCamp\\app\\client\\reducers\\postsReducer.js","statementMap":{"0":{"start":{"line":10,"column":2},"end":{"line":18,"column":3}},"1":{"start":{"line":12,"column":10},"end":{"line":12,"column":67}},"2":{"start":{"line":15,"column":11},"end":{"line":15,"column":70}},"3":{"start":{"line":17,"column":15},"end":{"line":17,"column":28}}},"fnMap":{"0":{"name":"reducer","decl":{"start":{"line":6,"column":24},"end":{"line":6,"column":31}},"loc":{"start":{"line":9,"column":10},"end":{"line":19,"column":1}},"line":9}},"branchMap":{"0":{"loc":{"start":{"line":6,"column":32},"end":{"line":9,"column":1}},"type":"default-arg","locations":[{"start":{"line":6,"column":38},"end":{"line":9,"column":1}}],"line":6},"1":{"loc":{"start":{"line":10,"column":2},"end":{"line":18,"column":3}},"type":"switch","locations":[{"start":{"line":11,"column":6},"end":{"line":13,"column":7}},{"start":{"line":14,"column":6},"end":{"line":16,"column":7}},{"start":{"line":17,"column":6},"end":{"line":17,"column":28}}],"line":10}},"s":{"0":10,"1":2,"2":1,"3":7},"f":{"0":10},"b":{"0":[7],"1":[2,1,7]},"_coverageSchema":"332fd63041d2c1bcb487cc26dd0d5f7d97098a6c","hash":"ea2da27770ad77e7610ac73818c4bb08b85f359a"}
,"D:\\Nika\\FrontCamp\\reactFrontCamp\\reactFrontCamp\\app\\client\\reducers\\userReducer.js": {"path":"D:\\Nika\\FrontCamp\\reactFrontCamp\\reactFrontCamp\\app\\client\\reducers\\userReducer.js","statementMap":{"0":{"start":{"line":8,"column":4},"end":{"line":10,"column":5}},"1":{"start":{"line":9,"column":17},"end":{"line":9,"column":30}}},"fnMap":{"0":{"name":"reducer","decl":{"start":{"line":5,"column":24},"end":{"line":5,"column":31}},"loc":{"start":{"line":7,"column":10},"end":{"line":11,"column":1}},"line":7}},"branchMap":{"0":{"loc":{"start":{"line":5,"column":32},"end":{"line":7,"column":1}},"type":"default-arg","locations":[{"start":{"line":5,"column":38},"end":{"line":7,"column":1}}],"line":5},"1":{"loc":{"start":{"line":8,"column":4},"end":{"line":10,"column":5}},"type":"switch","locations":[{"start":{"line":9,"column":8},"end":{"line":9,"column":30}}],"line":8}},"s":{"0":7,"1":7},"f":{"0":7},"b":{"0":[6],"1":[7]},"_coverageSchema":"332fd63041d2c1bcb487cc26dd0d5f7d97098a6c","hash":"6057812bbe1d6b16f67ecd38d0c0bba0aa7f212d"}
}
