TN:
SF:D:\Nika\FrontCamp\reactFrontCamp\reactFrontCamp\app\client\actions\actions.js
FN:6,fetchPosts
FN:9,(anonymous_1)
FN:10,(anonymous_2)
FN:15,fetchAddPost
FN:25,(anonymous_4)
FN:29,fetchRemovePost
FN:35,(anonymous_6)
FN:39,getPosts
FN:40,(anonymous_8)
FN:45,addPost
FN:46,(anonymous_10)
FN:51,removePost
FN:52,(anonymous_12)
FN:57,recievePosts
FN:64,sortPost
FNF:15
FNH:7
FNDA:2,fetchPosts
FNDA:1,(anonymous_1)
FNDA:1,(anonymous_2)
FNDA:0,fetchAddPost
FNDA:0,(anonymous_4)
FNDA:0,fetchRemovePost
FNDA:0,(anonymous_6)
FNDA:2,getPosts
FNDA:2,(anonymous_8)
FNDA:0,addPost
FNDA:0,(anonymous_10)
FNDA:0,removePost
FNDA:0,(anonymous_12)
FNDA:1,recievePosts
FNDA:1,sortPost
DA:1,4
DA:3,4
DA:4,4
DA:7,2
DA:9,1
DA:10,1
DA:16,0
DA:25,0
DA:30,0
DA:35,0
DA:40,2
DA:41,2
DA:46,0
DA:47,0
DA:52,0
DA:53,0
DA:58,1
DA:65,1
LF:18
LH:10
BRF:0
BRH:0
end_of_record
TN:
SF:D:\Nika\FrontCamp\reactFrontCamp\reactFrontCamp\app\client\components\Content\Content.js
FN:5,_interopRequireDefault
FN:7,Content
FNF:2
FNH:0
FNDA:0,_interopRequireDefault
FNDA:0,Content
DA:1,0
DA:2,0
DA:3,0
DA:4,0
DA:5,0
DA:7,0
DA:11,0
LF:7
LH:0
BRDA:5,0,0,0
BRDA:5,0,1,0
BRDA:5,1,0,0
BRDA:5,1,1,0
BRF:4
BRH:0
end_of_record
TN:
SF:D:\Nika\FrontCamp\reactFrontCamp\reactFrontCamp\app\client\components\Content\ContentAddPost.js
FN:1,(anonymous_0)
FN:1,defineProperties
FN:1,(anonymous_2)
FN:6,_interopRequireDefault
FN:6,_defineProperty
FN:6,_classCallCheck
FN:6,_possibleConstructorReturn
FN:6,_inherits
FN:9,(anonymous_8)
FN:11,ContentAddPost
FN:23,adjust_textarea
FN:28,onSubmit
FN:35,onChange
FN:44,render
FN:70,mapDispatchToProps
FN:72,fetchAddPost
FNF:16
FNH:0
FNDA:0,(anonymous_0)
FNDA:0,defineProperties
FNDA:0,(anonymous_2)
FNDA:0,_interopRequireDefault
FNDA:0,_defineProperty
FNDA:0,_classCallCheck
FNDA:0,_possibleConstructorReturn
FNDA:0,_inherits
FNDA:0,(anonymous_8)
FNDA:0,ContentAddPost
FNDA:0,adjust_textarea
FNDA:0,onSubmit
FNDA:0,onChange
FNDA:0,render
FNDA:0,mapDispatchToProps
FNDA:0,fetchAddPost
DA:1,0
DA:2,0
DA:3,0
DA:4,0
DA:5,0
DA:6,0
DA:9,0
DA:11,0
DA:14,0
DA:21,0
DA:22,0
DA:23,0
DA:26,0
DA:27,0
DA:31,0
DA:32,0
DA:33,0
DA:34,0
DA:38,0
DA:39,0
DA:40,0
DA:41,0
DA:47,0
DA:67,0
DA:70,0
DA:71,0
DA:73,0
DA:76,0
LF:28
LH:0
BRDA:1,0,0,0
BRDA:1,0,1,0
BRDA:1,1,0,0
BRDA:1,1,1,0
BRDA:1,2,0,0
BRDA:1,2,1,0
BRDA:1,3,0,0
BRDA:1,3,1,0
BRDA:6,4,0,0
BRDA:6,4,1,0
BRDA:6,5,0,0
BRDA:6,5,1,0
BRDA:6,6,0,0
BRDA:6,6,1,0
BRDA:6,7,0,0
BRDA:6,7,1,0
BRDA:6,8,0,0
BRDA:6,8,1,0
BRDA:6,9,0,0
BRDA:6,9,1,0
BRDA:6,10,0,0
BRDA:6,10,1,0
BRDA:6,10,2,0
BRDA:6,11,0,0
BRDA:6,11,1,0
BRDA:6,12,0,0
BRDA:6,12,1,0
BRDA:6,13,0,0
BRDA:6,13,1,0
BRDA:6,14,0,0
BRDA:6,14,1,0
BRDA:6,15,0,0
BRDA:6,15,1,0
BRDA:11,16,0,0
BRDA:11,16,1,0
BRF:35
BRH:0
end_of_record
TN:
SF:D:\Nika\FrontCamp\reactFrontCamp\reactFrontCamp\app\client\components\Content\ContentPost.js
FN:11,(anonymous_0)
FN:15,(anonymous_1)
FN:19,(anonymous_2)
FN:23,(anonymous_3)
FN:25,(anonymous_4)
FN:32,(anonymous_5)
FN:39,(anonymous_6)
FN:45,(anonymous_7)
FN:54,(anonymous_8)
FN:61,(anonymous_9)
FN:63,(anonymous_10)
FNF:11
FNH:10
FNDA:1,(anonymous_0)
FNDA:1,(anonymous_1)
FNDA:1,(anonymous_2)
FNDA:1,(anonymous_3)
FNDA:21,(anonymous_4)
FNDA:0,(anonymous_5)
FNDA:1,(anonymous_6)
FNDA:8,(anonymous_7)
FNDA:1,(anonymous_8)
FNDA:1,(anonymous_9)
FNDA:1,(anonymous_10)
DA:12,1
DA:16,1
DA:20,1
DA:24,1
DA:25,1
DA:26,21
DA:27,21
DA:28,21
DA:32,0
DA:33,0
DA:36,1
DA:40,1
DA:41,1
DA:42,1
DA:46,8
DA:54,1
DA:55,1
DA:61,1
DA:62,1
DA:64,1
LF:20
LH:18
BRDA:24,0,0,1
BRDA:24,0,1,0
BRDA:26,1,0,21
BRDA:26,1,1,0
BRDA:27,2,0,21
BRDA:27,2,1,0
BRF:6
BRH:3
end_of_record
TN:
SF:D:\Nika\FrontCamp\reactFrontCamp\reactFrontCamp\app\client\components\Content\NotFound.js
FN:1,(anonymous_0)
FN:1,defineProperties
FN:1,(anonymous_2)
FN:2,_interopRequireDefault
FN:2,_classCallCheck
FN:2,_possibleConstructorReturn
FN:2,_inherits
FN:4,(anonymous_7)
FN:4,NotFound
FN:4,render
FNF:10
FNH:0
FNDA:0,(anonymous_0)
FNDA:0,defineProperties
FNDA:0,(anonymous_2)
FNDA:0,_interopRequireDefault
FNDA:0,_classCallCheck
FNDA:0,_possibleConstructorReturn
FNDA:0,_inherits
FNDA:0,(anonymous_7)
FNDA:0,NotFound
FNDA:0,render
DA:1,0
DA:2,0
DA:4,0
DA:6,0
DA:13,0
LF:5
LH:0
BRDA:1,0,0,0
BRDA:1,0,1,0
BRDA:1,1,0,0
BRDA:1,1,1,0
BRDA:1,2,0,0
BRDA:1,2,1,0
BRDA:1,3,0,0
BRDA:1,3,1,0
BRDA:2,4,0,0
BRDA:2,4,1,0
BRDA:2,5,0,0
BRDA:2,5,1,0
BRDA:2,6,0,0
BRDA:2,6,1,0
BRDA:2,7,0,0
BRDA:2,7,1,0
BRDA:2,8,0,0
BRDA:2,8,1,0
BRDA:2,9,0,0
BRDA:2,9,1,0
BRDA:2,9,2,0
BRDA:2,10,0,0
BRDA:2,10,1,0
BRDA:2,11,0,0
BRDA:2,11,1,0
BRDA:2,12,0,0
BRDA:2,12,1,0
BRDA:2,13,0,0
BRDA:2,13,1,0
BRDA:2,14,0,0
BRDA:2,14,1,0
BRDA:4,15,0,0
BRDA:4,15,1,0
BRF:33
BRH:0
end_of_record
TN:
SF:D:\Nika\FrontCamp\reactFrontCamp\reactFrontCamp\app\client\components\Post\Post.js
FN:9,(anonymous_0)
FN:14,(anonymous_1)
FN:20,(anonymous_2)
FN:31,(anonymous_3)
FN:33,(anonymous_4)
FNF:5
FNH:3
FNDA:10,(anonymous_0)
FNDA:10,(anonymous_1)
FNDA:0,(anonymous_2)
FNDA:10,(anonymous_3)
FNDA:0,(anonymous_4)
DA:10,10
DA:15,10
DA:16,10
DA:20,0
DA:31,2
DA:32,10
DA:34,0
LF:7
LH:5
BRF:0
BRH:0
end_of_record
TN:
SF:D:\Nika\FrontCamp\reactFrontCamp\reactFrontCamp\app\client\reducers\index.js
FNF:0
FNH:0
DA:6,2
DA:7,2
DA:9,2
LF:3
LH:3
BRF:0
BRH:0
end_of_record
TN:
SF:D:\Nika\FrontCamp\reactFrontCamp\reactFrontCamp\app\client\reducers\postsReducer.js
FN:6,reducer
FNF:1
FNH:1
FNDA:10,reducer
DA:10,10
DA:12,2
DA:15,1
DA:17,7
LF:4
LH:4
BRDA:6,0,0,7
BRDA:10,1,0,2
BRDA:10,1,1,1
BRDA:10,1,2,7
BRF:4
BRH:4
end_of_record
TN:
SF:D:\Nika\FrontCamp\reactFrontCamp\reactFrontCamp\app\client\reducers\userReducer.js
FN:5,reducer
FNF:1
FNH:1
FNDA:7,reducer
DA:8,7
DA:9,7
LF:2
LH:2
BRDA:5,0,0,6
BRDA:8,1,0,7
BRF:2
BRH:2
end_of_record
